This file contains any messages produced by compilers while
running configure, to aid debugging if configure makes a mistake.

It was created by KQ configure 0.99, which was
generated by GNU Autoconf 2.61.  Invocation command line was

  $ /home/edgar/Programas/kq-src/KQ-Linux.kdevelop/..//configure --enable-debug=full

## --------- ##
## Platform. ##
## --------- ##

hostname = edgar
uname -m = i686
uname -r = 2.6.22-14-generic
uname -s = Linux
uname -v = #1 SMP Sun Oct 14 23:05:12 GMT 2007

/usr/bin/uname -p = unknown
/bin/uname -X     = unknown

/bin/arch              = unknown
/usr/bin/arch -k       = unknown
/usr/convex/getsysinfo = unknown
/usr/bin/hostinfo      = unknown
/bin/machine           = unknown
/usr/bin/oslevel       = unknown
/bin/universe          = unknown

PATH: /usr/local/sbin
PATH: /usr/local/bin
PATH: /usr/sbin
PATH: /usr/bin
PATH: /sbin
PATH: /bin
PATH: /usr/games


## ----------- ##
## Core tests. ##
## ----------- ##

configure:1811: checking build system type
configure:1829: result: i686-pc-linux-gnu
configure:1851: checking host system type
configure:1866: result: i686-pc-linux-gnu
configure:1903: checking for a BSD-compatible install
configure:1959: result: /usr/bin/install -c
configure:1970: checking whether build environment is sane
configure:2013: result: yes
configure:2041: checking for a thread-safe mkdir -p
configure:2080: result: /bin/mkdir -p
configure:2093: checking for gawk
configure:2123: result: no
configure:2093: checking for mawk
configure:2109: found /usr/bin/mawk
configure:2120: result: mawk
configure:2131: checking whether make sets $(MAKE)
configure:2152: result: yes
configure:2176: error: source directory already configured; run "make distclean" there first

## ---------------- ##
## Cache variables. ##
## ---------------- ##

ac_cv_build=i686-pc-linux-gnu
ac_cv_env_CC_set=
ac_cv_env_CC_value=
ac_cv_env_CFLAGS_set=set
ac_cv_env_CFLAGS_value='-O0 -g3'
ac_cv_env_CPPFLAGS_set=
ac_cv_env_CPPFLAGS_value=
ac_cv_env_CPP_set=
ac_cv_env_CPP_value=
ac_cv_env_GTK_CFLAGS_set=
ac_cv_env_GTK_CFLAGS_value=
ac_cv_env_GTK_LIBS_set=
ac_cv_env_GTK_LIBS_value=
ac_cv_env_LDFLAGS_set=
ac_cv_env_LDFLAGS_value=
ac_cv_env_LIBS_set=
ac_cv_env_LIBS_value=
ac_cv_env_PKG_CONFIG_set=
ac_cv_env_PKG_CONFIG_value=
ac_cv_env_build_alias_set=
ac_cv_env_build_alias_value=
ac_cv_env_host_alias_set=
ac_cv_env_host_alias_value=
ac_cv_env_target_alias_set=
ac_cv_env_target_alias_value=
ac_cv_host=i686-pc-linux-gnu
ac_cv_path_install='/usr/bin/install -c'
ac_cv_path_mkdir=/bin/mkdir
ac_cv_prog_AWK=mawk
ac_cv_prog_make_make_set=yes

## ----------------- ##
## Output variables. ##
## ----------------- ##

ACLOCAL=''
ALLEGRO_LIBS=''
AMDEPBACKSLASH=''
AMDEP_FALSE=''
AMDEP_TRUE=''
AMTAR=''
AUTOCONF=''
AUTOHEADER=''
AUTOMAKE=''
AWK='mawk'
BUNDLE_FALSE=''
BUNDLE_TRUE=''
CC=''
CCDEPMODE=''
CFLAGS='-O0 -g3'
CPP=''
CPPFLAGS=''
CYGPATH_W=''
DEFS=''
DEPDIR=''
ECHO_C=''
ECHO_N='-n'
ECHO_T=''
EGREP=''
EXEEXT=''
GREP=''
GTK_CFLAGS=''
GTK_LIBS=''
HAVE_ALLEGRO=''
INSTALL_DATA='${INSTALL} -m 644'
INSTALL_PROGRAM='${INSTALL}'
INSTALL_SCRIPT='${INSTALL}'
INSTALL_STRIP_PROGRAM=''
LDFLAGS=''
LIBOBJS=''
LIBS=''
LTLIBOBJS=''
MAKEINFO=''
MAPDRAW2=''
OBJC=''
OBJCDEPMODE=''
OBJCFLAGS=''
OBJEXT=''
PACKAGE=''
PACKAGE_BUGREPORT='peterhull90@users.sourceforge.net'
PACKAGE_NAME='KQ'
PACKAGE_STRING='KQ 0.99'
PACKAGE_TARNAME='kq'
PACKAGE_VERSION='0.99'
PATH_SEPARATOR=':'
PKG_CONFIG=''
SET_MAKE=''
SHELL='/bin/bash'
STRIP=''
VERSION=''
WARNING_CFLAGS=''
ac_ct_CC=''
am__fastdepCC_FALSE=''
am__fastdepCC_TRUE=''
am__fastdepOBJC_FALSE=''
am__fastdepOBJC_TRUE=''
am__include=''
am__isrc=' -I$(srcdir)'
am__leading_dot='.'
am__quote=''
am__tar=''
am__untar=''
bindir='${exec_prefix}/bin'
build='i686-pc-linux-gnu'
build_alias=''
build_cpu='i686'
build_os='linux-gnu'
build_vendor='pc'
datadir='${datarootdir}'
datarootdir='${prefix}/share'
docdir='${datarootdir}/doc/${PACKAGE_TARNAME}'
dvidir='${docdir}'
exec_prefix='NONE'
host='i686-pc-linux-gnu'
host_alias=''
host_cpu='i686'
host_os='linux-gnu'
host_vendor='pc'
htmldir='${docdir}'
includedir='${prefix}/include'
infodir='${datarootdir}/info'
install_sh=''
kq_extra_files=''
kq_target_dir=''
kq_use_2xsai=''
kq_use_profile=''
libdir='${exec_prefix}/lib'
libexecdir='${exec_prefix}/libexec'
localedir='${datarootdir}/locale'
localstatedir='${prefix}/var'
mandir='${datarootdir}/man'
mkdir_p='/bin/mkdir -p'
oldincludedir='/usr/include'
pdfdir='${docdir}'
prefix='NONE'
program_transform_name='s,x,x,'
psdir='${docdir}'
sbindir='${exec_prefix}/sbin'
sharedstatedir='${prefix}/com'
sysconfdir='${prefix}/etc'
target_alias=''

## ----------- ##
## confdefs.h. ##
## ----------- ##

#define PACKAGE_NAME "KQ"
#define PACKAGE_TARNAME "kq"
#define PACKAGE_VERSION "0.99"
#define PACKAGE_STRING "KQ 0.99"
#define PACKAGE_BUGREPORT "peterhull90@users.sourceforge.net"

configure: exit 1
